reading file screw_face1.txt
parsing line: "['NODES:']"
parsing line: "['-69.000000', '84.000000', '4.000000', '2']"
parsing line: "['-68.000000', '85.000000', '2.000000', '2']"
parsing line: "['84.000000', '-69.000000', '4.000000', '2']"
parsing line: "['85.000000', '-68.000000', '2.000000', '2']"
parsing line: "['0.000000', '13.000000', '0.000000', '3']"
parsing line: "['13.000000', '0.000000', '0.000000', '3']"
parsing line: "['0.000000', '0.000000', '13.000000', '3']"
parsing line: "['3.000000', '13.000000', '3.000000', '3']"
parsing line: "['13.000000', '13.000000', '13.000000', '3']"
parsing line: "['13.000000', '3.000000', '3.000000', '3']"
parsing line: "['-66.864470', '81.782380', '4.082094', '2']"
parsing line: "['1.960506', '13.482830', '3.556669', '2']"
parsing line: "['-65.809810', '82.822160', '1.987657', '2']"
parsing line: "['2.528333', '14.021660', '2.450005', '2']"
parsing line: "['5.543269', '9.737926', '2.281195', '2']"
parsing line: "['8.442955', '6.433807', '1.876762', '2']"
parsing line: "['11.073400', '4.076123', '2.149521', '2']"
parsing line: "['5.747016', '10.998620', '3.745641', '2']"
parsing line: "['11.037010', '5.702104', '3.739117', '2']"
parsing line: "['13.347830', '1.926476', '3.725699', '2']"
parsing line: "['81.771630', '-66.857860', '4.086232', '2']"
parsing line: "['14.135410', '2.356505', '2.508083', '2']"
parsing line: "['82.825940', '-65.812410', '1.986481', '2']"
parsing line: "['0.136354', '14.624590', '4.239053', '2']"
parsing line: "['-23.444060', '38.160760', '4.283302', '2']"
parsing line: "['-21.277800', '35.990820', '4.286975', '2']"
parsing line: "['1.609322', '15.394620', '1.996062', '2']"
parsing line: "['-22.127940', '39.180050', '1.947889', '2']"
parsing line: "['-19.947580', '36.999690', '1.947893', '2']"
parsing line: "['8.613341', '8.439738', '4.053079', '2']"
parsing line: "['35.791790', '-21.084980', '4.293187', '2']"
parsing line: "['37.974550', '-23.263930', '4.289376', '2']"
parsing line: "['14.093710', '0.596654', '4.309639', '2']"
parsing line: "['37.065020', '-20.013890', '1.948871', '2']"
parsing line: "['39.242280', '-22.191370', '1.949090', '2']"
parsing line: "['15.367160', '1.595532', '2.037307', '2']"
parsing line: "['-12.618780', '27.318390', '4.300387', '2']"
parsing line: "['-10.457860', '25.154970', '4.302899', '2']"
parsing line: "['-11.243480', '28.294610', '1.948864', '2']"
parsing line: "['-9.071927', '26.121800', '1.950123', '2']"
parsing line: "['24.881620', '-10.191850', '4.310233', '2']"
parsing line: "['27.062060', '-12.369600', '4.307535', '2']"
parsing line: "['26.199020', '-9.148437', '1.949422', '2']"
parsing line: "['28.369480', '-11.318390', '1.948909', '2']"
parsing line: "['-29.955870', '44.683640', '4.272232', '2']"
parsing line: "['-27.784950', '42.509060', '4.275892', '2']"
parsing line: "['-47.339360', '62.111680', '4.227670', '2']"
parsing line: "['-45.165940', '59.932130', '4.233815', '2']"
parsing line: "['-28.668770', '45.720310', '1.948460', '2']"
parsing line: "['-26.488760', '43.540530', '1.948230', '2']"
parsing line: "['-46.136120', '63.181670', '1.954454', '2']"
parsing line: "['-43.951880', '60.998290', '1.953589', '2']"
parsing line: "['42.344550', '-27.626020', '4.281472', '2']"
parsing line: "['44.529360', '-29.806780', '4.277414', '2']"
parsing line: "['59.844020', '-45.081640', '4.237618', '2']"
parsing line: "['62.032170', '-47.263420', '4.231255', '2']"
parsing line: "['43.596380', '-26.545920', '1.949543', '2']"
parsing line: "['45.773600', '-28.723300', '1.949708', '2']"
parsing line: "['61.031380', '-43.985700', '1.954325', '2']"
parsing line: "['63.212180', '-46.167290', '1.955113', '2']"
parsing line: "['-6.160735', '20.856260', '4.304476', '2']"
parsing line: "['-4.020454', '18.725690', '4.294769', '2']"
parsing line: "['-4.746472', '21.791600', '1.954869', '2']"
parsing line: "['-2.593136', '19.633760', '1.959376', '2']"
parsing line: "['18.362850', '-3.679453', '4.316606', '2']"
parsing line: "['20.533290', '-5.847299', '4.314003', '2']"
parsing line: "['19.703760', '-2.664790', '1.961031', '2']"
parsing line: "['21.866880', '-4.820241', '1.953359', '2']"
parsing line: "['-40.819060', '55.572930', '4.246125', '2']"
parsing line: "['-38.644820', '53.392550', '4.252278', '2']"
parsing line: "['-32.126640', '46.858130', '4.268502', '2']"
parsing line: "['-39.582670', '56.630890', '1.951783', '2']"
parsing line: "['-37.398580', '54.447700', '1.950883', '2']"
parsing line: "['-30.849500', '47.900810', '1.948687', '2']"
parsing line: "['53.277750', '-38.534470', '4.256725', '2']"
parsing line: "['55.463780', '-40.714160', '4.250380', '2']"
parsing line: "['46.715290', '-31.988690', '4.273403', '2']"
parsing line: "['54.489130', '-37.440950', '1.951818', '2']"
parsing line: "['56.669950', '-39.622610', '1.952656', '2']"
parsing line: "['47.950930', '-30.900780', '1.949852', '2']"
parsing line: "['-14.777650', '29.480220', '4.297434', '2']"
parsing line: "['-19.106380', '33.815660', '4.290717', '2']"
parsing line: "['-13.415260', '30.466980', '1.948277', '2']"
parsing line: "['-17.767260', '34.819410', '1.947854', '2']"
parsing line: "['29.242470', '-14.546670', '4.304198', '2']"
parsing line: "['33.604770', '-18.901740', '4.296972', '2']"
parsing line: "['30.539840', '-13.488460', '1.948617', '2']"
parsing line: "['34.887490', '-17.836080', '1.948589', '2']"
parsing line: "['-25.615530', '40.335930', '4.279608', '2']"
parsing line: "['-49.513460', '64.291990', '4.221465', '2']"
parsing line: "['-58.205310', '73.022730', '4.182579', '2']"
parsing line: "['-56.033370', '70.839910', '4.193458', '2']"
parsing line: "['-24.308070', '41.360080', '1.947986', '2']"
parsing line: "['-48.321060', '65.365780', '1.955275', '2']"
parsing line: "['-57.060680', '74.098610', '1.962074', '2']"
parsing line: "['-54.875640', '71.915500', '1.960134', '2']"
parsing line: "['40.161830', '-25.447340', '4.285509', '2']"
parsing line: "['64.219600', '-49.444510', '4.224915', '2']"
parsing line: "['70.791220', '-55.988020', '4.196793', '2']"
parsing line: "['72.980540', '-58.166290', '4.185752', '2']"
parsing line: "['41.419510', '-24.368850', '1.949337', '2']"
parsing line: "['65.392660', '-48.348510', '1.955850', '2']"
parsing line: "['71.933910', '-54.894270', '1.960357', '2']"
parsing line: "['74.113990', '-57.076150', '1.962163', '2']"
parsing line: "['-0.469734', '17.501870', '1.967864', '2']"
parsing line: "['16.210180', '-1.532989', '4.322812', '2']"
parsing line: "['17.544230', '-0.527203', '1.982975', '2']"
parsing line: "['-34.295280', '49.030560', '4.264722', '2']"
parsing line: "['-36.469960', '51.211460', '4.258501', '2']"
parsing line: "['-33.029720', '50.080860', '1.948861', '2']"
parsing line: "['-35.214150', '52.264270', '1.949879', '2']"
parsing line: "['48.901340', '-34.170790', '4.269443', '2']"
parsing line: "['51.090260', '-36.353380', '4.263121', '2']"
parsing line: "['50.128140', '-33.078070', '1.949933', '2']"
parsing line: "['52.308570', '-35.259450', '1.950878', '2']"
parsing line: "['-16.936000', '31.641530', '4.294470', '2']"
parsing line: "['-15.586980', '32.639160', '1.947823', '2']"
parsing line: "['31.420910', '-16.721610', '4.300701', '2']"
parsing line: "['32.710270', '-15.658540', '1.948279', '2']"
parsing line: "['-53.861100', '68.656810', '4.204282', '2']"
parsing line: "['-51.690630', '66.475600', '4.215027', '2']"
parsing line: "['-52.690640', '69.732560', '1.958084', '2']"
parsing line: "['-50.505420', '67.549380', '1.956033', '2']"
parsing line: "['68.601490', '-53.809280', '4.207795', '2']"
parsing line: "['66.409490', '-51.628080', '4.218591', '2']"
parsing line: "['69.753630', '-52.712060', '1.958424', '2']"
parsing line: "['67.573580', '-50.530090', '1.956504', '2']"
parsing line: "['-8.297923', '22.992600', '4.305324', '2']"
parsing line: "['-6.900838', '23.949100', '1.951735', '2']"
parsing line: "['22.702120', '-8.014570', '4.312449', '2']"
parsing line: "['24.028650', '-6.978623', '1.949969', '2']"
parsing line: "['-42.993420', '57.753510', '4.239909', '2']"
parsing line: "['-41.767250', '58.814510', '1.952739', '2']"
parsing line: "['57.655730', '-42.899700', '4.243973', '2']"
parsing line: "['58.850560', '-41.804100', '1.953542', '2']"
parsing line: "['-60.376290', '75.205350', '4.170942', '2']"
parsing line: "['-64.709560', '79.582780', '4.126784', '2']"
parsing line: "['-62.540960', '77.391280', '4.149677', '2']"
parsing line: "['-59.245880', '76.281650', '1.964232', '2']"
parsing line: "['-63.619530', '80.644330', '1.975199', '2']"
parsing line: "['-61.432620', '78.463340', '1.969282', '2']"
parsing line: "['75.172330', '-60.346860', '4.174530', '2']"
parsing line: "['77.368190', '-62.521690', '4.153498', '2']"
parsing line: "['79.564720', '-64.696130', '4.131410', '2']"
parsing line: "['76.294070', '-59.258130', '1.964061', '2']"
parsing line: "['78.472810', '-61.441570', '1.968761', '2']"
parsing line: "['80.651250', '-63.625270', '1.974015', '2']"
parsing line: "[]"
parsing line: "['#Left', 'arm:']"
parsing line: "['STRIP=', '1', '1', '(4,23,147,146,145,104,103,126,127,102,60,59,135,79,7,115,114,80,58,57,101,35,34,88,119,87,44,131,68,67,107,36,22,10)', '(3,21,144,143,142,100,99,124,125,98,56,55,134,76,75,113,112,77,54,53,97,32,31,86,118,85,42,41,130,66,65,106,33,20,10)']"
adding strip [1, 1, (4, 23, 147, 146, 145, 104, 103, 126, 127, 102, 60, 59, 135, 79, 7, 115, 114, 80, 58, 57, 101, 35, 34, 88, 119, 87, 44, 131, 68, 67, 107, 36, 22, 10), (3, 21, 144, 143, 142, 100, 99, 124, 125, 98, 56, 55, 134, 76, 75, 113, 112, 77, 54, 53, 97, 32, 31, 86, 118, 85, 42, 41, 130, 66, 65, 106, 33, 20, 10)]
parsing line: "[]"
parsing line: "['#Right', 'arm']"
parsing line: "['STRIP=', '1', '1', '(8,12,24,62,61,128,38,37,81,116,82,26,25,89,46,45,71,108,109,70,69,132,48,47,90,121,120,92,91,136,138,137,11,1)', '(8,14,27,105,64,63,129,40,39,83,117,84,29,28,93,50,49,74,110,111,73,72,133,52,51,94,123,122,96,95,139,141,140,13,2)']"
adding strip [1, 1, (8, 12, 24, 62, 61, 128, 38, 37, 81, 116, 82, 26, 25, 89, 46, 45, 71, 108, 109, 70, 69, 132, 48, 47, 90, 121, 120, 92, 91, 136, 138, 137, 11, 1), (8, 14, 27, 105, 64, 63, 129, 40, 39, 83, 117, 84, 29, 28, 93, 50, 49, 74, 110, 111, 73, 72, 133, 52, 51, 94, 123, 122, 96, 95, 139, 141, 140, 13, 2)]
parsing line: "[]"
parsing line: "['#Face', 'dislocations']"
parsing line: "['DISLOC=', '1', '(10,19,30,18,8)']"
adding dislocation [1, (10, 19, 30, 18, 8)]
parsing line: "['DISLOC=', '1', '(10,17,16,15,8)']"
adding dislocation [1, (10, 17, 16, 15, 8)]
parsing line: "[]"
parsing line: "['#SFT']"
parsing line: "['FAN=', '0', '1', '(9,10,19,30,18,8)']"
adding fan [0, 1, (9, 10, 19, 30, 18, 8)]
parsing line: "['FAN=', '0', '1', '(6,10,17,16)']"
adding fan [0, 1, (6, 10, 17, 16)]
parsing line: "['FAN=', '0', '1', '(5,8,15,16)']"
adding fan [0, 1, (5, 8, 15, 16)]
parsing line: "['FAN=', '0', '1', '(16,6,5)']"
adding fan [0, 1, (16, 6, 5)]
parsing line: "['FAN=', '3', '1', '(9,5,7)']"
adding fan [3, 1, (9, 5, 7)]
parsing line: "['FAN=', '3', '1', '(5,6,7)']"
adding fan [3, 1, (5, 6, 7)]
parsing line: "['FAN=', '3', '1', '(9,6,7)']"
adding fan [3, 1, (9, 6, 7)]
parsing line: "[]"
parsing line: "[]"
parsing line: "[]"
parsing line: "[]"
parsing line: "[]"
parsing line: "[]"
parsing line: "[]"
parsing line: "[]"
parsing line: "[]"
gBounds:  [[-69.0, 85.0], [-69.0, 85.0], [0, 13.0]]
gCenter:  [8.0, 8.0, 6.5]
gNodes:  [0, [-69.0, 84.0, 4.0, 2, 1], [-68.0, 85.0, 2.0, 2, 2], [84.0, -69.0, 4.0, 2, 3], [85.0, -68.0, 2.0, 2, 4], [0.0, 13.0, 0.0, 3, 5], [13.0, 0.0, 0.0, 3, 6], [0.0, 0.0, 13.0, 3, 7], [3.0, 13.0, 3.0, 3, 8], [13.0, 13.0, 13.0, 3, 9], [13.0, 3.0, 3.0, 3, 10], [-66.864469999999997, 81.782380000000003, 4.0820939999999997, 2, 11], [1.9605060000000001, 13.48283, 3.5566689999999999, 2, 12], [-65.809809999999999, 82.822159999999997, 1.987657, 2, 13], [2.5283329999999999, 14.021660000000001, 2.450005, 2, 14], [5.5432689999999996, 9.7379259999999999, 2.2811949999999999, 2, 15], [8.4429549999999995, 6.4338069999999998, 1.876762, 2, 16], [11.073399999999999, 4.0761229999999999, 2.149521, 2, 17], [5.7470160000000003, 10.998620000000001, 3.745641, 2, 18], [11.03701, 5.7021040000000003, 3.7391169999999998, 2, 19], [13.34783, 1.9264760000000001, 3.7256990000000001, 2, 20], [81.771630000000002, -66.857860000000002, 4.0862319999999999, 2, 21], [14.13541, 2.3565049999999998, 2.5080830000000001, 2, 22], [82.825940000000003, -65.81241, 1.9864809999999999, 2, 23], [0.136354, 14.62459, 4.2390530000000002, 2, 24], [-23.44406, 38.160760000000003, 4.2833019999999999, 2, 25], [-21.277799999999999, 35.990819999999999, 4.286975, 2, 26], [1.6093219999999999, 15.39462, 1.996062, 2, 27], [-22.127939999999999, 39.180050000000001, 1.947889, 2, 28], [-19.947579999999999, 36.999690000000001, 1.9478930000000001, 2, 29], [8.6133410000000001, 8.4397380000000002, 4.0530790000000003, 2, 30], [35.791789999999999, -21.084980000000002, 4.2931869999999996, 2, 31], [37.974550000000001, -23.263929999999998, 4.2893759999999999, 2, 32], [14.09371, 0.59665400000000002, 4.3096389999999998, 2, 33], [37.065019999999997, -20.01389, 1.948871, 2, 34], [39.242280000000001, -22.191369999999999, 1.94909, 2, 35], [15.36716, 1.595532, 2.0373070000000002, 2, 36], [-12.618779999999999, 27.318390000000001, 4.3003869999999997, 2, 37], [-10.45786, 25.154969999999999, 4.302899, 2, 38], [-11.24348, 28.294609999999999, 1.9488639999999999, 2, 39], [-9.0719270000000005, 26.1218, 1.9501230000000001, 2, 40], [24.881620000000002, -10.191850000000001, 4.3102330000000002, 2, 41], [27.062059999999999, -12.3696, 4.3075349999999997, 2, 42], [26.199020000000001, -9.1484369999999995, 1.949422, 2, 43], [28.369479999999999, -11.318390000000001, 1.948909, 2, 44], [-29.955870000000001, 44.683639999999997, 4.2722319999999998, 2, 45], [-27.784949999999998, 42.509059999999998, 4.2758919999999998, 2, 46], [-47.339359999999999, 62.11168, 4.2276699999999998, 2, 47], [-45.165939999999999, 59.932130000000001, 4.2338149999999999, 2, 48], [-28.668769999999999, 45.720309999999998, 1.9484600000000001, 2, 49], [-26.488759999999999, 43.540529999999997, 1.9482299999999999, 2, 50], [-46.136119999999998, 63.181669999999997, 1.9544539999999999, 2, 51], [-43.951880000000003, 60.998289999999997, 1.953589, 2, 52], [42.344549999999998, -27.62602, 4.2814719999999999, 2, 53], [44.529359999999997, -29.80678, 4.2774140000000003, 2, 54], [59.84402, -45.08164, 4.2376180000000003, 2, 55], [62.032170000000001, -47.263420000000004, 4.231255, 2, 56], [43.596380000000003, -26.545919999999999, 1.949543, 2, 57], [45.773600000000002, -28.723299999999998, 1.949708, 2, 58], [61.031379999999999, -43.985700000000001, 1.9543250000000001, 2, 59], [63.212179999999996, -46.167290000000001, 1.9551130000000001, 2, 60], [-6.1607349999999999, 20.856259999999999, 4.3044760000000002, 2, 61], [-4.020454, 18.72569, 4.2947689999999996, 2, 62], [-4.7464719999999998, 21.791599999999999, 1.954869, 2, 63], [-2.5931359999999999, 19.633759999999999, 1.959376, 2, 64], [18.362850000000002, -3.6794530000000001, 4.3166060000000002, 2, 65], [20.533290000000001, -5.8472989999999996, 4.3140029999999996, 2, 66], [19.703759999999999, -2.66479, 1.961031, 2, 67], [21.866879999999998, -4.8202410000000002, 1.9533590000000001, 2, 68], [-40.81906, 55.572929999999999, 4.2461250000000001, 2, 69], [-38.644820000000003, 53.39255, 4.2522779999999996, 2, 70], [-32.126640000000002, 46.858130000000003, 4.2685019999999998, 2, 71], [-39.58267, 56.630890000000001, 1.951783, 2, 72], [-37.398580000000003, 54.447699999999998, 1.9508829999999999, 2, 73], [-30.849499999999999, 47.90081, 1.9486870000000001, 2, 74], [53.277749999999997, -38.534469999999999, 4.2567250000000003, 2, 75], [55.46378, -40.71416, 4.2503799999999998, 2, 76], [46.715290000000003, -31.988689999999998, 4.2734030000000001, 2, 77], [54.489130000000003, -37.440950000000001, 1.9518180000000001, 2, 78], [56.66995, -39.622610000000002, 1.9526559999999999, 2, 79], [47.95093, -30.900780000000001, 1.9498519999999999, 2, 80], [-14.77765, 29.480219999999999, 4.297434, 2, 81], [-19.106380000000001, 33.815660000000001, 4.2907169999999999, 2, 82], [-13.41526, 30.46698, 1.948277, 2, 83], [-17.76726, 34.819409999999998, 1.947854, 2, 84], [29.242470000000001, -14.546670000000001, 4.3041980000000004, 2, 85], [33.604770000000002, -18.90174, 4.2969720000000002, 2, 86], [30.539840000000002, -13.48846, 1.948617, 2, 87], [34.88749, -17.836079999999999, 1.9485889999999999, 2, 88], [-25.61553, 40.335929999999998, 4.2796079999999996, 2, 89], [-49.513460000000002, 64.291989999999998, 4.2214650000000002, 2, 90], [-58.205309999999997, 73.022729999999996, 4.1825789999999996, 2, 91], [-56.033369999999998, 70.839910000000003, 4.1934579999999997, 2, 92], [-24.308070000000001, 41.360080000000004, 1.947986, 2, 93], [-48.321060000000003, 65.365780000000001, 1.9552750000000001, 2, 94], [-57.060679999999998, 74.098609999999994, 1.9620740000000001, 2, 95], [-54.875639999999997, 71.915499999999994, 1.960134, 2, 96], [40.161830000000002, -25.447340000000001, 4.2855090000000002, 2, 97], [64.2196, -49.444510000000001, 4.2249150000000002, 2, 98], [70.791219999999996, -55.988019999999999, 4.1967930000000004, 2, 99], [72.980540000000005, -58.166289999999996, 4.1857519999999999, 2, 100], [41.419510000000002, -24.368849999999998, 1.9493370000000001, 2, 101], [65.392660000000006, -48.348509999999997, 1.9558500000000001, 2, 102], [71.933909999999997, -54.894269999999999, 1.9603569999999999, 2, 103], [74.113990000000001, -57.076149999999998, 1.9621630000000001, 2, 104], [-0.46973399999999998, 17.50187, 1.9678640000000001, 2, 105], [16.210180000000001, -1.5329889999999999, 4.3228119999999999, 2, 106], [17.544229999999999, -0.52720299999999998, 1.9829749999999999, 2, 107], [-34.295279999999998, 49.030560000000001, 4.2647219999999999, 2, 108], [-36.46996, 51.211460000000002, 4.2585009999999999, 2, 109], [-33.029719999999998, 50.080860000000001, 1.948861, 2, 110], [-35.214149999999997, 52.264270000000003, 1.9498789999999999, 2, 111], [48.901339999999998, -34.170789999999997, 4.2694429999999999, 2, 112], [51.090260000000001, -36.353380000000001, 4.2631209999999999, 2, 113], [50.128140000000002, -33.078069999999997, 1.9499329999999999, 2, 114], [52.308570000000003, -35.259450000000001, 1.9508779999999999, 2, 115], [-16.936, 31.641529999999999, 4.2944699999999996, 2, 116], [-15.586980000000001, 32.639159999999997, 1.9478230000000001, 2, 117], [31.420909999999999, -16.721609999999998, 4.3007010000000001, 2, 118], [32.710270000000001, -15.65854, 1.9482790000000001, 2, 119], [-53.8611, 68.656809999999993, 4.2042820000000001, 2, 120], [-51.690629999999999, 66.4756, 4.2150270000000001, 2, 121], [-52.690640000000002, 69.732560000000007, 1.9580839999999999, 2, 122], [-50.505420000000001, 67.549379999999999, 1.9560329999999999, 2, 123], [68.601489999999998, -53.809280000000001, 4.207795, 2, 124], [66.409490000000005, -51.628079999999997, 4.218591, 2, 125], [69.753630000000001, -52.712060000000001, 1.9584239999999999, 2, 126], [67.573580000000007, -50.530090000000001, 1.956504, 2, 127], [-8.2979230000000008, 22.992599999999999, 4.3053239999999997, 2, 128], [-6.9008380000000002, 23.949100000000001, 1.951735, 2, 129], [22.702120000000001, -8.0145700000000009, 4.312449, 2, 130], [24.028649999999999, -6.9786229999999998, 1.9499690000000001, 2, 131], [-42.99342, 57.753509999999999, 4.2399089999999999, 2, 132], [-41.767249999999997, 58.814509999999999, 1.952739, 2, 133], [57.655729999999998, -42.899700000000003, 4.2439730000000004, 2, 134], [58.850560000000002, -41.804099999999998, 1.9535419999999999, 2, 135], [-60.376289999999997, 75.205349999999996, 4.1709420000000001, 2, 136], [-64.709559999999996, 79.58278, 4.1267839999999998, 2, 137], [-62.540959999999998, 77.391279999999995, 4.1496769999999996, 2, 138], [-59.24588, 76.281649999999999, 1.964232, 2, 139], [-63.619529999999997, 80.644329999999997, 1.9751989999999999, 2, 140], [-61.43262, 78.463340000000002, 1.969282, 2, 141], [75.172330000000002, -60.34686, 4.1745299999999999, 2, 142], [77.368189999999998, -62.52169, 4.1534979999999999, 2, 143], [79.564719999999994, -64.696129999999997, 4.1314099999999998, 2, 144], [76.294070000000005, -59.258130000000001, 1.9640610000000001, 2, 145], [78.472809999999996, -61.441569999999999, 1.968761, 2, 146], [80.651250000000005, -63.62527, 1.9740150000000001, 2, 147]]
gFans:  [[0, 1, (9, 10, 19, 30, 18, 8)], [0, 1, (6, 10, 17, 16)], [0, 1, (5, 8, 15, 16)], [0, 1, (16, 6, 5)], [3, 1, (9, 5, 7)], [3, 1, (5, 6, 7)], [3, 1, (9, 6, 7)]]
gStrips:  [[1, 1, (4, 23, 147, 146, 145, 104, 103, 126, 127, 102, 60, 59, 135, 79, 7, 115, 114, 80, 58, 57, 101, 35, 34, 88, 119, 87, 44, 131, 68, 67, 107, 36, 22, 10), (3, 21, 144, 143, 142, 100, 99, 124, 125, 98, 56, 55, 134, 76, 75, 113, 112, 77, 54, 53, 97, 32, 31, 86, 118, 85, 42, 41, 130, 66, 65, 106, 33, 20, 10)], [1, 1, (8, 12, 24, 62, 61, 128, 38, 37, 81, 116, 82, 26, 25, 89, 46, 45, 71, 108, 109, 70, 69, 132, 48, 47, 90, 121, 120, 92, 91, 136, 138, 137, 11, 1), (8, 14, 27, 105, 64, 63, 129, 40, 39, 83, 117, 84, 29, 28, 93, 50, 49, 74, 110, 111, 73, 72, 133, 52, 51, 94, 123, 122, 96, 95, 139, 141, 140, 13, 2)]]
gDislocations:  [[1, (10, 19, 30, 18, 8)], [1, (10, 17, 16, 15, 8)]]
opening output file screw_face1.pov
WriteFan([0, 1, (9, 10, 19, 30, 18, 8)])
nodelist is (9, 10, 19, 30, 18, 8)
node number 1
WriteTriangle([9, 10, 19], 1)
node number 2
WriteTriangle([9, 19, 30], 1)
node number 3
WriteTriangle([9, 30, 18], 1)
node number 4
WriteTriangle([9, 18, 8], 1)
node number 5
WriteFan([0, 1, (6, 10, 17, 16)])
nodelist is (6, 10, 17, 16)
node number 1
WriteTriangle([6, 10, 17], 1)
node number 2
WriteTriangle([6, 17, 16], 1)
node number 3
WriteFan([0, 1, (5, 8, 15, 16)])
nodelist is (5, 8, 15, 16)
node number 1
WriteTriangle([5, 8, 15], 1)
node number 2
WriteTriangle([5, 15, 16], 1)
node number 3
WriteFan([0, 1, (16, 6, 5)])
nodelist is (16, 6, 5)
node number 1
WriteTriangle([16, 6, 5], 1)
node number 2
WriteFan([3, 1, (9, 5, 7)])
nodelist is (9, 5, 7)
node number 1
WriteTriangle([9, 5, 7], 1)
node number 2
WriteFan([3, 1, (5, 6, 7)])
nodelist is (5, 6, 7)
node number 1
WriteTriangle([5, 6, 7], 1)
node number 2
WriteFan([3, 1, (9, 6, 7)])
nodelist is (9, 6, 7)
node number 1
WriteTriangle([9, 6, 7], 1)
node number 2
WriteStrip([1, 1, (4, 23, 147, 146, 145, 104, 103, 126, 127, 102, 60, 59, 135, 79, 7, 115, 114, 80, 58, 57, 101, 35, 34, 88, 119, 87, 44, 131, 68, 67, 107, 36, 22, 10), (3, 21, 144, 143, 142, 100, 99, 124, 125, 98, 56, 55, 134, 76, 75, 113, 112, 77, 54, 53, 97, 32, 31, 86, 118, 85, 42, 41, 130, 66, 65, 106, 33, 20, 10)])
striphalf is (3, 21, 144, 143, 142, 100, 99, 124, 125, 98, 56, 55, 134, 76, 75, 113, 112, 77, 54, 53, 97, 32, 31, 86, 118, 85, 42, 41, 130, 66, 65, 106, 33, 20, 10)
striphalf is (4, 23, 147, 146, 145, 104, 103, 126, 127, 102, 60, 59, 135, 79, 7, 115, 114, 80, 58, 57, 101, 35, 34, 88, 119, 87, 44, 131, 68, 67, 107, 36, 22, 10)
WriteTriangle([3, 4, 21], 1)
WriteTriangle([21, 4, 23], 1)
WriteTriangle([21, 23, 144], 1)
WriteTriangle([144, 23, 147], 1)
WriteTriangle([144, 147, 143], 1)
WriteTriangle([143, 147, 146], 1)
WriteTriangle([143, 146, 142], 1)
WriteTriangle([142, 146, 145], 1)
WriteTriangle([142, 145, 100], 1)
WriteTriangle([100, 145, 104], 1)
WriteTriangle([100, 104, 99], 1)
WriteTriangle([99, 104, 103], 1)
WriteTriangle([99, 103, 124], 1)
WriteTriangle([124, 103, 126], 1)
WriteTriangle([124, 126, 125], 1)
WriteTriangle([125, 126, 127], 1)
WriteTriangle([125, 127, 98], 1)
WriteTriangle([98, 127, 102], 1)
WriteTriangle([98, 102, 56], 1)
WriteTriangle([56, 102, 60], 1)
WriteTriangle([56, 60, 55], 1)
WriteTriangle([55, 60, 59], 1)
WriteTriangle([55, 59, 134], 1)
WriteTriangle([134, 59, 135], 1)
WriteTriangle([134, 135, 76], 1)
WriteTriangle([76, 135, 79], 1)
WriteTriangle([76, 79, 75], 1)
WriteTriangle([75, 79, 7], 1)
WriteTriangle([75, 7, 113], 1)
WriteTriangle([113, 7, 115], 1)
WriteTriangle([113, 115, 112], 1)
WriteTriangle([112, 115, 114], 1)
WriteTriangle([112, 114, 77], 1)
WriteTriangle([77, 114, 80], 1)
WriteTriangle([77, 80, 54], 1)
WriteTriangle([54, 80, 58], 1)
WriteTriangle([54, 58, 53], 1)
WriteTriangle([53, 58, 57], 1)
WriteTriangle([53, 57, 97], 1)
WriteTriangle([97, 57, 101], 1)
WriteTriangle([97, 101, 32], 1)
WriteTriangle([32, 101, 35], 1)
WriteTriangle([32, 35, 31], 1)
WriteTriangle([31, 35, 34], 1)
WriteTriangle([31, 34, 86], 1)
WriteTriangle([86, 34, 88], 1)
WriteTriangle([86, 88, 118], 1)
WriteTriangle([118, 88, 119], 1)
WriteTriangle([118, 119, 85], 1)
WriteTriangle([85, 119, 87], 1)
WriteTriangle([85, 87, 42], 1)
WriteTriangle([42, 87, 44], 1)
WriteTriangle([42, 44, 41], 1)
WriteTriangle([41, 44, 131], 1)
WriteTriangle([41, 131, 130], 1)
WriteTriangle([130, 131, 68], 1)
WriteTriangle([130, 68, 66], 1)
WriteTriangle([66, 68, 67], 1)
WriteTriangle([66, 67, 65], 1)
WriteTriangle([65, 67, 107], 1)
WriteTriangle([65, 107, 106], 1)
WriteTriangle([106, 107, 36], 1)
WriteTriangle([106, 36, 33], 1)
WriteTriangle([33, 36, 22], 1)
WriteTriangle([33, 22, 20], 1)
WriteTriangle([20, 22, 10], 1)
WriteTriangle([20, 10, 10], 1)
WriteStrip([1, 1, (8, 12, 24, 62, 61, 128, 38, 37, 81, 116, 82, 26, 25, 89, 46, 45, 71, 108, 109, 70, 69, 132, 48, 47, 90, 121, 120, 92, 91, 136, 138, 137, 11, 1), (8, 14, 27, 105, 64, 63, 129, 40, 39, 83, 117, 84, 29, 28, 93, 50, 49, 74, 110, 111, 73, 72, 133, 52, 51, 94, 123, 122, 96, 95, 139, 141, 140, 13, 2)])
striphalf is (8, 14, 27, 105, 64, 63, 129, 40, 39, 83, 117, 84, 29, 28, 93, 50, 49, 74, 110, 111, 73, 72, 133, 52, 51, 94, 123, 122, 96, 95, 139, 141, 140, 13, 2)
striphalf is (8, 12, 24, 62, 61, 128, 38, 37, 81, 116, 82, 26, 25, 89, 46, 45, 71, 108, 109, 70, 69, 132, 48, 47, 90, 121, 120, 92, 91, 136, 138, 137, 11, 1)
WriteTriangle([8, 8, 14], 1)
WriteTriangle([14, 8, 12], 1)
WriteTriangle([14, 12, 27], 1)
WriteTriangle([27, 12, 24], 1)
WriteTriangle([27, 24, 105], 1)
WriteTriangle([105, 24, 62], 1)
WriteTriangle([105, 62, 64], 1)
WriteTriangle([64, 62, 61], 1)
WriteTriangle([64, 61, 63], 1)
WriteTriangle([63, 61, 128], 1)
WriteTriangle([63, 128, 129], 1)
WriteTriangle([129, 128, 38], 1)
WriteTriangle([129, 38, 40], 1)
WriteTriangle([40, 38, 37], 1)
WriteTriangle([40, 37, 39], 1)
WriteTriangle([39, 37, 81], 1)
WriteTriangle([39, 81, 83], 1)
WriteTriangle([83, 81, 116], 1)
WriteTriangle([83, 116, 117], 1)
WriteTriangle([117, 116, 82], 1)
WriteTriangle([117, 82, 84], 1)
WriteTriangle([84, 82, 26], 1)
WriteTriangle([84, 26, 29], 1)
WriteTriangle([29, 26, 25], 1)
WriteTriangle([29, 25, 28], 1)
WriteTriangle([28, 25, 89], 1)
WriteTriangle([28, 89, 93], 1)
WriteTriangle([93, 89, 46], 1)
WriteTriangle([93, 46, 50], 1)
WriteTriangle([50, 46, 45], 1)
WriteTriangle([50, 45, 49], 1)
WriteTriangle([49, 45, 71], 1)
WriteTriangle([49, 71, 74], 1)
WriteTriangle([74, 71, 108], 1)
WriteTriangle([74, 108, 110], 1)
WriteTriangle([110, 108, 109], 1)
WriteTriangle([110, 109, 111], 1)
WriteTriangle([111, 109, 70], 1)
WriteTriangle([111, 70, 73], 1)
WriteTriangle([73, 70, 69], 1)
WriteTriangle([73, 69, 72], 1)
WriteTriangle([72, 69, 132], 1)
WriteTriangle([72, 132, 133], 1)
WriteTriangle([133, 132, 48], 1)
WriteTriangle([133, 48, 52], 1)
WriteTriangle([52, 48, 47], 1)
WriteTriangle([52, 47, 51], 1)
WriteTriangle([51, 47, 90], 1)
WriteTriangle([51, 90, 94], 1)
WriteTriangle([94, 90, 121], 1)
WriteTriangle([94, 121, 123], 1)
WriteTriangle([123, 121, 120], 1)
WriteTriangle([123, 120, 122], 1)
WriteTriangle([122, 120, 92], 1)
WriteTriangle([122, 92, 96], 1)
WriteTriangle([96, 92, 91], 1)
WriteTriangle([96, 91, 95], 1)
WriteTriangle([95, 91, 136], 1)
WriteTriangle([95, 136, 139], 1)
WriteTriangle([139, 136, 138], 1)
WriteTriangle([139, 138, 141], 1)
WriteTriangle([141, 138, 137], 1)
WriteTriangle([141, 137, 140], 1)
WriteTriangle([140, 137, 11], 1)
WriteTriangle([140, 11, 13], 1)
WriteTriangle([13, 11, 1], 1)
WriteTriangle([13, 1, 2], 1)
WriteDiscolation([1, (10, 19, 30, 18, 8)])
WriteDiscolation([1, (10, 17, 16, 15, 8)])
done
